app/build/outputs/logs/manifest-merger-debug-report.txt
-- Merging decision tree log ---
manifest
ADDED from src\main\AndroidManifest.xml:2:1-101:12
	package
		ADDED from src\main\AndroidManifest.xml:3:5-36
		INJECTED from src\main\AndroidManifest.xml
		INJECTED from src\main\AndroidManifest.xml
	android:versionName
		ADDED from src\main\AndroidManifest.xml:5:5-30
		INJECTED from src\main\AndroidManifest.xml
		INJECTED from src\main\AndroidManifest.xml
	android:versionCode
		ADDED from src\main\AndroidManifest.xml:4:5-28
		INJECTED from src\main\AndroidManifest.xml
		INJECTED from src\main\AndroidManifest.xml
	xmlns:android
		ADDED from src\main\AndroidManifest.xml:2:11-69
uses-sdk
ADDED from src\main\AndroidManifest.xml:7:5-9:41
MERGED from [org.xutils:xutils:3.3.36] AndroidManifest.xml:8:5-10:41
MERGED from [com.android.support:appcompat-v7:19.1.0] AndroidManifest.xml:18:5-42
	android:targetSdkVersion
		ADDED from src\main\AndroidManifest.xml:9:9-38
		INJECTED from src\main\AndroidManifest.xml
		INJECTED from src\main\AndroidManifest.xml
	android:minSdkVersion
		ADDED from src\main\AndroidManifest.xml:8:9-35
		INJECTED from src\main\AndroidManifest.xml
		INJECTED from src\main\AndroidManifest.xml
uses-permission#android.permission.VIBRATE
ADDED from src\main\AndroidManifest.xml:11:5-66
	android:name
		ADDED from src\main\AndroidManifest.xml:11:22-63
uses-permission#android.permission.CAMERA
ADDED from src\main\AndroidManifest.xml:12:5-65
	android:name
		ADDED from src\main\AndroidManifest.xml:12:22-62
uses-permission#android.permission.INTERNET
ADDED from src\main\AndroidManifest.xml:13:5-67
	android:name
		ADDED from src\main\AndroidManifest.xml:13:22-64
uses-permission#android.permission.ACCESS_NETWORK_STATE
ADDED from src\main\AndroidManifest.xml:14:5-79
	android:name
		ADDED from src\main\AndroidManifest.xml:14:22-76
uses-permission#android.permission.WAKE_LOCK
ADDED from src\main\AndroidManifest.xml:15:5-68
	android:name
		ADDED from src\main\AndroidManifest.xml:15:22-65
uses-permission#android.permission.RECORD_AUDIO
ADDED from src\main\AndroidManifest.xml:16:5-71
	android:name
		ADDED from src\main\AndroidManifest.xml:16:22-68
uses-permission#android.permission.MODIFY_AUDIO_SETTINGS
ADDED from src\main\AndroidManifest.xml:17:5-80
	android:name
		ADDED from src\main\AndroidManifest.xml:17:22-77
uses-permission#android.permission.SYSTEM_ALERT_WINDOW
ADDED from src\main\AndroidManifest.xml:18:5-78
	android:name
		ADDED from src\main\AndroidManifest.xml:18:22-75
uses-permission#android.permission.READ_PHONE_STATE
ADDED from src\main\AndroidManifest.xml:19:5-75
	android:name
		ADDED from src\main\AndroidManifest.xml:19:22-72
uses-permission#android.permission.WRITE_EXTERNAL_STORAGE
ADDED from src\main\AndroidManifest.xml:20:5-81
	android:name
		ADDED from src\main\AndroidManifest.xml:20:22-78
uses-permission#android.permission.BLUETOOTH
ADDED from src\main\AndroidManifest.xml:21:5-68
	android:name
		ADDED from src\main\AndroidManifest.xml:21:22-65
uses-permission#android.permission.BROADCAST_STICKY
ADDED from src\main\AndroidManifest.xml:22:5-75
	android:name
		ADDED from src\main\AndroidManifest.xml:22:22-72
uses-permission#android.permission.READ_LOGS
ADDED from src\main\AndroidManifest.xml:23:5-68
	android:name
		ADDED from src\main\AndroidManifest.xml:23:22-65
uses-feature#android.hardware.camera
ADDED from src\main\AndroidManifest.xml:25:5-60
	android:name
		ADDED from src\main\AndroidManifest.xml:25:19-57
uses-feature#android.hardware.camera.autofocus
ADDED from src\main\AndroidManifest.xml:26:5-28:36
	android:required
		ADDED from src\main\AndroidManifest.xml:28:9-33
	android:name
		ADDED from src\main\AndroidManifest.xml:27:9-57
uses-feature#0x00020000
ADDED from src\main\AndroidManifest.xml:29:5-31:35
	android:glEsVersion
		ADDED from src\main\AndroidManifest.xml:30:9-41
	android:required
		ADDED from src\main\AndroidManifest.xml:31:9-32
android:uses-permission#android.permission.READ_EXTERNAL_STORAGE
ADDED from src\main\AndroidManifest.xml:33:5-88
	android:name
		ADDED from src\main\AndroidManifest.xml:33:30-85
application
ADDED from src\main\AndroidManifest.xml:35:5-99:19
MERGED from [org.xutils:xutils:3.3.36] AndroidManifest.xml:12:5-20
MERGED from [com.android.support:appcompat-v7:19.1.0] AndroidManifest.xml:19:5-20
	android:label
		ADDED from src\main\AndroidManifest.xml:38:9-41
	android:icon
		ADDED from src\main\AndroidManifest.xml:37:9-38
	android:theme
		ADDED from src\main\AndroidManifest.xml:39:9-40
	android:name
		ADDED from src\main\AndroidManifest.xml:36:2-45
activity#com.esoon.vidyosample.LoginActivity
ADDED from src\main\AndroidManifest.xml:40:9-49:20
	android:screenOrientation
		ADDED from src\main\AndroidManifest.xml:44:13-49
	android:label
		ADDED from src\main\AndroidManifest.xml:43:13-57
	android:configChanges
		ADDED from src\main\AndroidManifest.xml:42:13-74
	android:theme
		ADDED from src\main\AndroidManifest.xml:45:13-71
	android:name
		ADDED from src\main\AndroidManifest.xml:41:13-42
activity#com.esoon.vidyosample.MainActivity
ADDED from src\main\AndroidManifest.xml:50:9-50
	android:name
		ADDED from src\main\AndroidManifest.xml:50:19-47
activity#com.esoon.vidyosample.Fragment1
ADDED from src\main\AndroidManifest.xml:51:9-47
	android:name
		ADDED from src\main\AndroidManifest.xml:51:19-44
activity#com.esoon.vidyosample.Fragment2
ADDED from src\main\AndroidManifest.xml:52:9-47
	android:name
		ADDED from src\main\AndroidManifest.xml:52:19-44
activity#com.esoon.vidyosample.Fragment3
ADDED from src\main\AndroidManifest.xml:53:9-47
	android:name
		ADDED from src\main\AndroidManifest.xml:53:19-44
activity#com.esoon.vidyosample.SubActivityConsult
ADDED from src\main\AndroidManifest.xml:54:9-56
	android:name
		ADDED from src\main\AndroidManifest.xml:54:19-53
activity#com.esoon.vidyosample.VideoActivity
ADDED from src\main\AndroidManifest.xml:55:9-58:50
	android:screenOrientation
		ADDED from src\main\AndroidManifest.xml:58:13-47
	android:configChanges
		ADDED from src\main\AndroidManifest.xml:57:13-74
	android:name
		ADDED from src\main\AndroidManifest.xml:56:13-42
activity#com.esoon.vidyosample.VidyoSampleActivity
ADDED from src\main\AndroidManifest.xml:60:9-64:50
	android:screenOrientation
		ADDED from src\main\AndroidManifest.xml:64:13-47
	android:label
		ADDED from src\main\AndroidManifest.xml:63:13-57
	android:configChanges
		ADDED from src\main\AndroidManifest.xml:62:13-59
	android:name
		ADDED from src\main\AndroidManifest.xml:61:13-48
activity#com.vidyo.myvidyo.MyLoginActivity
ADDED from src\main\AndroidManifest.xml:65:9-69:20
	android:theme
		ADDED from src\main\AndroidManifest.xml:67:13-60
	android:name
		ADDED from src\main\AndroidManifest.xml:66:13-61
activity#com.esoon.vidyosample.MainDemoActivity
ADDED from src\main\AndroidManifest.xml:70:9-73:52
	android:screenOrientation
		ADDED from src\main\AndroidManifest.xml:73:13-49
	android:label
		ADDED from src\main\AndroidManifest.xml:72:13-61
	android:name
		ADDED from src\main\AndroidManifest.xml:71:13-45
activity#com.vidyo.myvidyo.modifyRomMsgActivity
ADDED from src\main\AndroidManifest.xml:74:9-75
	android:name
		ADDED from src\main\AndroidManifest.xml:74:19-72
activity#com.vidyo.myvidyo.CreateRomActivity
ADDED from src\main\AndroidManifest.xml:75:9-72
	android:name
		ADDED from src\main\AndroidManifest.xml:75:19-69
activity#com.esoon.vidyosample.CallMainActivity
ADDED from src\main\AndroidManifest.xml:76:9-78:63
	android:theme
		ADDED from src\main\AndroidManifest.xml:78:13-60
	android:name
		ADDED from src\main\AndroidManifest.xml:77:13-45
activity#com.esoon.vidyosample.CallingActivity
ADDED from src\main\AndroidManifest.xml:79:9-82:74
	android:label
		ADDED from src\main\AndroidManifest.xml:81:13-59
	android:theme
		ADDED from src\main\AndroidManifest.xml:82:13-71
	android:name
		ADDED from src\main\AndroidManifest.xml:80:13-44
activity#com.esoon.vidyosample.SettingActivity
ADDED from src\main\AndroidManifest.xml:83:9-87:20
	android:theme
		ADDED from src\main\AndroidManifest.xml:85:13-60
	android:name
		ADDED from src\main\AndroidManifest.xml:84:13-44
activity#com.vidyo.myvidyo.TestInitActivity
ADDED from src\main\AndroidManifest.xml:88:9-91:20
	android:name
		ADDED from src\main\AndroidManifest.xml:88:19-68
activity#com.vidyo.myvidyo.TestActivty2
ADDED from src\main\AndroidManifest.xml:92:9-98:24
	android:name
		ADDED from src\main\AndroidManifest.xml:92:19-64
intent-filter#android.intent.action.MAIN+android.intent.category.LAUNCHER
ADDED from src\main\AndroidManifest.xml:93:13-97:29
action#android.intent.action.MAIN
ADDED from src\main\AndroidManifest.xml:94:17-69
	android:name
		ADDED from src\main\AndroidManifest.xml:94:25-66
category#android.intent.category.LAUNCHER
ADDED from src\main\AndroidManifest.xml:96:17-77
	android:name
		ADDED from src\main\AndroidManifest.xml:96:27-74